<?xml version="1.0" encoding="UTF-8"?>
<testsuite xmlns:xsi="http://www.w3.org/2001/XMLSchema-instance" xsi:noNamespaceSchemaLocation="https://maven.apache.org/surefire/maven-surefire-plugin/xsd/surefire-test-report-3.0.xsd" version="3.0" name="com.simplilearn.SpringBootCrudApplicationTests" time="8.111" tests="1" errors="0" skipped="0" failures="0">
  <properties>
[...]
</properties>
  <testcase name="contextLoads" classname="com.simplilearn.SpringBootCrudApplicationTests" time="1.978">
    <system-out><![CDATA[16:35:53.925 [main] DEBUG org.springframework.test.context.BootstrapUtils - Instantiating CacheAwareContextLoaderDelegate from class [org.springframework.test.context.cache.DefaultCacheAwareContextLoaderDelegate]
16:35:53.941 [main] DEBUG org.springframework.test.context.BootstrapUtils - Instantiating BootstrapContext using constructor [public org.springframework.test.context.support.DefaultBootstrapContext(java.lang.Class,org.springframework.test.context.CacheAwareContextLoaderDelegate)]
16:35:54.002 [main] DEBUG org.springframework.test.context.BootstrapUtils - Instantiating TestContextBootstrapper for test class [com.simplilearn.SpringBootCrudApplicationTests] from class [org.springframework.boot.test.context.SpringBootTestContextBootstrapper]
16:35:54.020 [main] INFO org.springframework.boot.test.context.SpringBootTestContextBootstrapper - Neither @ContextConfiguration nor @ContextHierarchy found for test class [com.simplilearn.SpringBootCrudApplicationTests], using SpringBootContextLoader
16:35:54.027 [main] DEBUG org.springframework.test.context.support.AbstractContextLoader - Did not detect default resource location for test class [com.simplilearn.SpringBootCrudApplicationTests]: class path resource [com/simplilearn/SpringBootCrudApplicationTests-context.xml] does not exist
16:35:54.028 [main] DEBUG org.springframework.test.context.support.AbstractContextLoader - Did not detect default resource location for test class [com.simplilearn.SpringBootCrudApplicationTests]: class path resource [com/simplilearn/SpringBootCrudApplicationTestsContext.groovy] does not exist
16:35:54.028 [main] INFO org.springframework.test.context.support.AbstractContextLoader - Could not detect default resource locations for test class [com.simplilearn.SpringBootCrudApplicationTests]: no resource found for suffixes {-context.xml, Context.groovy}.
16:35:54.029 [main] INFO org.springframework.test.context.support.AnnotationConfigContextLoaderUtils - Could not detect default configuration classes for test class [com.simplilearn.SpringBootCrudApplicationTests]: SpringBootCrudApplicationTests does not declare any static, non-private, non-final, nested classes annotated with @Configuration.
16:35:54.166 [main] DEBUG org.springframework.test.context.support.ActiveProfilesUtils - Could not find an 'annotation declaring class' for annotation type [org.springframework.test.context.ActiveProfiles] and class [com.simplilearn.SpringBootCrudApplicationTests]
16:35:54.340 [main] DEBUG org.springframework.context.annotation.ClassPathScanningCandidateComponentProvider - Identified candidate component class: file [D:\Mphasis\practiceproject\SpringBootCRUD\target\classes\com\simplilearn\SpringBootCrudApplication.class]
16:35:54.344 [main] INFO org.springframework.boot.test.context.SpringBootTestContextBootstrapper - Found @SpringBootConfiguration com.simplilearn.SpringBootCrudApplication for test class com.simplilearn.SpringBootCrudApplicationTests
16:35:54.583 [main] DEBUG org.springframework.boot.test.context.SpringBootTestContextBootstrapper - @TestExecutionListeners is not present for class [com.simplilearn.SpringBootCrudApplicationTests]: using defaults.
16:35:54.584 [main] INFO org.springframework.boot.test.context.SpringBootTestContextBootstrapper - Loaded default TestExecutionListener class names from location [META-INF/spring.factories]: [org.springframework.boot.test.mock.mockito.MockitoTestExecutionListener, org.springframework.boot.test.mock.mockito.ResetMocksTestExecutionListener, org.springframework.boot.test.autoconfigure.restdocs.RestDocsTestExecutionListener, org.springframework.boot.test.autoconfigure.web.client.MockRestServiceServerResetTestExecutionListener, org.springframework.boot.test.autoconfigure.web.servlet.MockMvcPrintOnlyOnFailureTestExecutionListener, org.springframework.boot.test.autoconfigure.web.servlet.WebDriverTestExecutionListener, org.springframework.boot.test.autoconfigure.webservices.client.MockWebServiceServerTestExecutionListener, org.springframework.test.context.web.ServletTestExecutionListener, org.springframework.test.context.support.DirtiesContextBeforeModesTestExecutionListener, org.springframework.test.context.event.ApplicationEventsTestExecutionListener, org.springframework.test.context.support.DependencyInjectionTestExecutionListener, org.springframework.test.context.support.DirtiesContextTestExecutionListener, org.springframework.test.context.transaction.TransactionalTestExecutionListener, org.springframework.test.context.jdbc.SqlScriptsTestExecutionListener, org.springframework.test.context.event.EventPublishingTestExecutionListener]
16:35:54.606 [main] DEBUG org.springframework.boot.test.context.SpringBootTestContextBootstrapper - Skipping candidate TestExecutionListener [org.springframework.test.context.transaction.TransactionalTestExecutionListener] due to a missing dependency. Specify custom listener classes or make the default listener classes and their required dependencies available. Offending class: [org/springframework/transaction/interceptor/TransactionAttributeSource]
16:35:54.607 [main] DEBUG org.springframework.boot.test.context.SpringBootTestContextBootstrapper - Skipping candidate TestExecutionListener [org.springframework.test.context.jdbc.SqlScriptsTestExecutionListener] due to a missing dependency. Specify custom listener classes or make the default listener classes and their required dependencies available. Offending class: [org/springframework/transaction/interceptor/TransactionAttribute]
16:35:54.608 [main] INFO org.springframework.boot.test.context.SpringBootTestContextBootstrapper - Using TestExecutionListeners: [org.springframework.test.context.web.ServletTestExecutionListener@5dd91bca, org.springframework.test.context.support.DirtiesContextBeforeModesTestExecutionListener@40cb698e, org.springframework.test.context.event.ApplicationEventsTestExecutionListener@3382f8ae, org.springframework.boot.test.mock.mockito.MockitoTestExecutionListener@60641ec8, org.springframework.boot.test.autoconfigure.SpringBootDependencyInjectionTestExecutionListener@75f65e45, org.springframework.test.context.support.DirtiesContextTestExecutionListener@6eeade6c, org.springframework.test.context.event.EventPublishingTestExecutionListener@4a891c97, org.springframework.boot.test.mock.mockito.ResetMocksTestExecutionListener@a5bd950, org.springframework.boot.test.autoconfigure.restdocs.RestDocsTestExecutionListener@4d18aa28, org.springframework.boot.test.autoconfigure.web.client.MockRestServiceServerResetTestExecutionListener@75390459, org.springframework.boot.test.autoconfigure.web.servlet.MockMvcPrintOnlyOnFailureTestExecutionListener@7756c3cd, org.springframework.boot.test.autoconfigure.web.servlet.WebDriverTestExecutionListener@2313052e, org.springframework.boot.test.autoconfigure.webservices.client.MockWebServiceServerTestExecutionListener@2bd2b28e]
16:35:54.622 [main] DEBUG org.springframework.test.context.support.AbstractDirtiesContextTestExecutionListener - Before test class: context [DefaultTestContext@2262b621 testClass = SpringBootCrudApplicationTests, testInstance = [null], testMethod = [null], testException = [null], mergedContextConfiguration = [WebMergedContextConfiguration@7e928e2f testClass = SpringBootCrudApplicationTests, locations = '{}', classes = '{class com.simplilearn.SpringBootCrudApplication}', contextInitializerClasses = '[]', activeProfiles = '{}', propertySourceLocations = '{}', propertySourceProperties = '{org.springframework.boot.test.context.SpringBootTestContextBootstrapper=true}', contextCustomizers = set[org.springframework.boot.test.context.filter.ExcludeFilterContextCustomizer@4b7dc788, org.springframework.boot.test.json.DuplicateJsonObjectContextCustomizerFactory$DuplicateJsonObjectContextCustomizer@2812b107, org.springframework.boot.test.mock.mockito.MockitoContextCustomizer@0, org.springframework.boot.test.web.client.TestRestTemplateContextCustomizer@4eaf3684, org.springframework.boot.test.autoconfigure.actuate.metrics.MetricsExportContextCustomizerFactory$DisableMetricExportContextCustomizer@147a5d08, org.springframework.boot.test.autoconfigure.properties.PropertyMappingContextCustomizer@0, org.springframework.boot.test.autoconfigure.web.servlet.WebDriverContextCustomizerFactory$Customizer@68d279ec, org.springframework.boot.test.context.SpringBootTestArgs@1, org.springframework.boot.test.context.SpringBootTestWebEnvironment@5b8dfcc1], resourceBasePath = 'src/main/webapp', contextLoader = 'org.springframework.boot.test.context.SpringBootContextLoader', parent = [null]], attributes = map['org.springframework.test.context.web.ServletTestExecutionListener.activateListener' -> true]], class annotated with @DirtiesContext [false] with mode [null].

  .   ____          _            __ _ _
 /\\ / ___'_ __ _ _(_)_ __  __ _ \ \ \ \
( ( )\___ | '_ | '_| | '_ \/ _` | \ \ \ \
 \\/  ___)| |_)| | | | | || (_| |  ) ) ) )
  '  |____| .__|_| |_|_| |_\__, | / / / /
 =========|_|==============|___/=/_/_/_/
 :: Spring Boot ::                (v2.6.7)

2022-04-29 16:35:55.482  INFO 2496 --- [           main] c.s.SpringBootCrudApplicationTests       : Starting SpringBootCrudApplicationTests using Java 11.0.13 on Madhu with PID 2496 (started by madhu in D:\Mphasis\practiceproject\SpringBootCRUD)
2022-04-29 16:35:55.487  INFO 2496 --- [           main] c.s.SpringBootCrudApplicationTests       : No active profile set, falling back to 1 default profile: "default"
2022-04-29 16:35:59.893  INFO 2496 --- [           main] c.s.SpringBootCrudApplicationTests       : Started SpringBootCrudApplicationTests in 5.196 seconds (JVM running for 9.543)
]]></system-out>
  </testcase>
</testsuite>